<?xml version="1.0" encoding="UTF-8"?>
<!-- Generated by org.testng.reporters.JUnitReportReporter -->
<testsuite hostname="DESKTOP-7LECAI0" failures="0" tests="1" name="tests.ReserveBankOfIndiaHolidays" time="29.588" errors="0" timestamp="2025-04-09T11:13:14 IST" skipped="0">
  <testcase classname="tests.ReserveBankOfIndiaHolidays" name="reserveBankOfIndiaHolidaysTest" time="29.588"/>
</testsuite> <!-- tests.ReserveBankOfIndiaHolidays -->
